session                          : 005aec0a-6608-4623-8631-1669dbaa68c9
session-id                       : 7181
infobase                         : 906d1b78-b963-4f95-81c3-0c36c901917c
connection                       : 00000000-0000-0000-0000-000000000000
process                          : 00000000-0000-0000-0000-000000000000
user-name                        : ГайсинаАИ
host                             : euterm1
app-id                           : 1CV8C
locale                           : ru_RU
started-at                       : 2024-12-24T08:03:00
last-active-at                   : 2024-12-24T12:13:31
hibernate                        : no
passive-session-hibernate-time   : 1200
hibernate-session-terminate-time : 720
blocked-by-dbms                  : 0
blocked-by-ls                    : 0
bytes-all                        : 1966577
bytes-last-5min                  : 3949
calls-all                        : 1326
calls-last-5min                  : 2
dbms-bytes-all                   : 91495962
dbms-bytes-last-5min             : 9212
db-proc-info                     :
db-proc-took                     : 0
db-proc-took-at                  :
duration-all                     : 103522
duration-all-dbms                : 14841
duration-current                 : 0
duration-current-dbms            : 0
duration-last-5min               : 13
duration-last-5min-dbms          : 8
memory-current                   : 0
memory-last-5min                 : 43938
memory-total                     : 52365406
read-current                     : 0
read-last-5min                   : 0
read-total                       : 124422522
write-current                    : 0
write-last-5min                  : 0
write-total                      : 58509919
duration-current-service         : 0
duration-last-5min-service       : 0
duration-all-service             : 2777
current-service-name             :
cpu-time-current                 : 0
cpu-time-last-5min               : 9
cpu-time-total                   : 55182
data-separation                  : ''
client-ip                        : 10.223.196.45

session                          : 01cd3f70-4eb2-4198-86e6-f8a6034d4654
session-id                       : 6132
infobase                         : 906d1b78-b963-4f95-81c3-0c36c901917c
connection                       : 00000000-0000-0000-0000-000000000000
process                          : 00000000-0000-0000-0000-000000000000
user-name                        : МакароваОМ
host                             : TBS-W-211-17
app-id                           : 1CV8C
locale                           : ru
started-at                       : 2024-12-24T07:52:45
last-active-at                   : 2024-12-24T12:14:08
hibernate                        : no
passive-session-hibernate-time   : 1200
hibernate-session-terminate-time : 720
blocked-by-dbms                  : 0
blocked-by-ls                    : 0
bytes-all                        : 174875736
bytes-last-5min                  : 5577
calls-all                        : 9954
calls-last-5min                  : 4
dbms-bytes-all                   : 192074711
dbms-bytes-last-5min             : 33536
db-proc-info                     :
db-proc-took                     : 0
db-proc-took-at                  :
duration-all                     : 1640947
duration-all-dbms                : 1154167
duration-current                 : 0
duration-current-dbms            : 0
duration-last-5min               : 65
duration-last-5min-dbms          : 9
memory-current                   : 0
memory-last-5min                 : 68293
memory-total                     : 106840560
read-current                     : 0
read-last-5min                   : 0
read-total                       : 240490336
write-current                    : 0
write-last-5min                  : 0
write-total                      : 177310369
duration-current-service         : 0
duration-last-5min-service       : 4
duration-all-service             : 9030
current-service-name             :
cpu-time-current                 : 0
cpu-time-last-5min               : 47
cpu-time-total                   : 393745
data-separation                  : ''
client-ip                        : 10.221.106.176

session                          : 0436529e-fc8b-4576-83fa-f43ec54a5379
session-id                       : 15988
infobase                         : 906d1b78-b963-4f95-81c3-0c36c901917c
connection                       : 00000000-0000-0000-0000-000000000000
process                          : 00000000-0000-0000-0000-000000000000
user-name                        : ГазизоваЛФ
host                             : AZN-PC-013
app-id                           : 1CV8C
locale                           : ru
started-at                       : 2024-12-24T09:34:14
last-active-at                   : 2024-12-24T12:14:29
hibernate                        : no
passive-session-hibernate-time   : 1200
hibernate-session-terminate-time : 720
blocked-by-dbms                  : 0
blocked-by-ls                    : 0
bytes-all                        : 561412
bytes-last-5min                  : 6896
calls-all                        : 444
calls-last-5min                  : 5
dbms-bytes-all                   : 11946331
dbms-bytes-last-5min             : 14472
db-proc-info                     :
db-proc-took                     : 0
db-proc-took-at                  :
duration-all                     : 23477
duration-all-dbms                : 3702
duration-current                 : 0
duration-current-dbms            : 0
duration-last-5min               : 31
duration-last-5min-dbms          : 160
memory-current                   : 0
memory-last-5min                 : 94725
memory-total                     : 65161494
read-current                     : 0
read-last-5min                   : 28
read-total                       : 1598754
write-current                    : 0
write-last-5min                  : 0
write-total                      : 450476
duration-current-service         : 0
duration-last-5min-service       : 0
duration-all-service             : 829
current-service-name             :
cpu-time-current                 : 0
cpu-time-last-5min               : 19
cpu-time-total                   : 11735
data-separation                  : ''
client-ip                        : 10.5.75.76

