process              : 30bd7d8e-ae08-4cca-b497-a60f0192dae2
host                 : tts-srv1c-2
port                 : 1960
pid                  : 8406
is-enable            : yes
running              : yes
started-at           : 2024-12-24T05:10:34
use                  : used
available-perfomance : 263
capacity             : 1000
connections          : 338
memory-size          : 48312536
memory-excess-time   : 0
selection-size       : 3738874
avg-call-time        : 0.146
avg-db-call-time     : 0.113
avg-lock-call-time   : 0.005
avg-server-call-time : 0.028
avg-threads          : 5.197
reserve              : no